2019-11-24T08:28:44.642Z [32minfo[39m 	test
2019-11-24T08:34:59.538Z [32minfo[39m 	test
2019-11-24T08:35:51.074Z [32minfo[39m 	test
2019-11-24T09:11:56.767Z [32minfo[39m 	test
2019-11-24T09:23:51.084Z [32minfo[39m 	test {0}
2019-11-24T09:31:18.977Z [32minfo[39m [undefined]: 	test {0}
2019-11-24 15:03:17 [32minfo[39m [index.js]: 	test {0}
2019-11-24 15:06:46 [32minfo[39m [index.js]: 	test %s
2019-11-24 15:16:26 [32minfo[39m [index.js]: 	test %s "2019-11-24T09:46:26.277Z"
2019-11-24 15:17:10 [32minfo[39m [index.js]: 	test "2019-11-24T09:47:10.718Z" a
2019-11-24 15:18:43 [32minfo[39m [index.js]: 	test "2019-11-24T09:48:43.857Z" a
2019-11-24 16:02:42 [32minfo[39m [index.js]: 	60.33 
2019-11-24 16:21:37 [32minfo[39m [index.js]: 	{} 
2019-11-24 16:22:21 [32minfo[39m [index.js]: 	{} 
2019-11-24 16:24:28 [32minfo[39m [index.js]: 	{} 
2019-11-24 16:24:29 [32minfo[39m [index.js]: 	check 
2019-11-24 16:24:30 [32minfo[39m [index.js]: 	cpu 10.05 
2019-11-24 16:24:30 [32minfo[39m [index.js]: 	check 
2019-11-24 16:24:31 [32minfo[39m [index.js]: 	cpu 36.89 
2019-11-24 16:24:31 [32minfo[39m [index.js]: 	check 
2019-11-24 16:24:32 [32minfo[39m [index.js]: 	cpu 37.21 
2019-11-24 16:24:32 [32minfo[39m [index.js]: 	check 
2019-11-24 16:24:33 [32minfo[39m [index.js]: 	cpu 22.13 
2019-11-24 16:24:33 [32minfo[39m [index.js]: 	check 
2019-11-24 16:25:28 [32minfo[39m [index.js]: 	{} 
2019-11-24 16:25:29 [32minfo[39m [index.js]: 	check 
2019-11-24 16:25:30 [32minfo[39m [index.js]: 	cpu 64.19 
2019-11-24 16:25:30 [32minfo[39m [index.js]: 	check 
2019-11-24 16:25:31 [32minfo[39m [index.js]: 	cpu 63.97 
2019-11-24 16:25:31 [32minfo[39m [index.js]: 	check 
2019-11-24 16:25:32 [32minfo[39m [index.js]: 	cpu 59.6 
2019-11-24 16:25:32 [32minfo[39m [index.js]: 	check 
2019-11-24 16:28:36 [32minfo[39m [index.js]: 	{} 
2019-11-24 16:28:37 [32minfo[39m [index.js]: 	check 
2019-11-24 16:28:38 [32minfo[39m [index.js]: 	cpu 59.64 
2019-11-24 16:28:38 [32minfo[39m [index.js]: 	check 
2019-11-24 16:28:39 [32minfo[39m [index.js]: 	cpu 62.15 
2019-11-24 16:28:39 [32minfo[39m [index.js]: 	check 
2019-11-24 16:30:04 [32minfo[39m [index.js]: 	check 
2019-11-24 16:30:04 [32minfo[39m [index.js]: 	{} 
2019-11-24 16:30:05 [32minfo[39m [index.js]: 	cpu 27.02 
2019-11-24 16:33:36 [32minfo[39m [index.js]: 	{} 
2019-11-24 16:33:37 [32minfo[39m [index.js]: 	check 
2019-11-24 16:33:38 [32minfo[39m [index.js]: 	cpu 37.74 
2019-11-24 16:33:38 [32minfo[39m [index.js]: 	check 
2019-11-24 16:33:39 [32minfo[39m [index.js]: 	cpu 60.6 
2019-11-24 16:33:39 [32minfo[39m [index.js]: 	check 
2019-11-24 16:33:40 [32minfo[39m [index.js]: 	cpu 63.12 
2019-11-24 16:33:40 [32minfo[39m [index.js]: 	check 
2019-11-24 16:33:41 [32minfo[39m [index.js]: 	cpu 63.91 
2019-11-24 16:33:41 [32minfo[39m [index.js]: 	check 
2019-11-24 16:33:43 [32minfo[39m [index.js]: 	cpu 63.67 
2019-11-24 16:33:43 [32minfo[39m [index.js]: 	check 
2019-11-24 16:38:14 [32minfo[39m [index.js]: 	{} 
2019-11-24 16:39:39 [32minfo[39m [index.js]: 	check in system 
2019-11-24 16:39:39 [32minfo[39m [index.js]: 	{} 
2019-11-24 16:41:59 [32minfo[39m [index.js]: 	check in system 
2019-11-24 16:41:59 [32minfo[39m [index.js]: 	{} 
2019-11-24 16:42:00 [32minfo[39m [index.js]: 	61.95 
2019-11-24 16:42:41 [32minfo[39m [index.js]: 	56.68 
2019-11-24 16:42:42 [32minfo[39m [index.js]: 	55.32 
2019-11-24 16:42:43 [32minfo[39m [index.js]: 	54.46 
2019-11-24 16:42:44 [32minfo[39m [index.js]: 	53.56 
2019-11-24 16:42:45 [32minfo[39m [index.js]: 	59.19 
2019-11-24 16:42:46 [32minfo[39m [index.js]: 	53.97 
2019-11-24 16:42:47 [32minfo[39m [index.js]: 	54.57 
2019-11-24 16:42:48 [32minfo[39m [index.js]: 	56.9 
2019-11-24 16:42:49 [32minfo[39m [index.js]: 	58.08 
2019-11-24 16:42:50 [32minfo[39m [index.js]: 	60.27 
2019-11-24 16:42:51 [32minfo[39m [index.js]: 	61.76 
2019-11-24 16:42:52 [32minfo[39m [index.js]: 	61.83 
2019-11-24 16:42:53 [32minfo[39m [index.js]: 	54.55 
2019-11-24 16:42:54 [32minfo[39m [index.js]: 	55.36 
2019-11-24 16:42:55 [32minfo[39m [index.js]: 	61.97 
2019-11-24 16:42:56 [32minfo[39m [index.js]: 	71.69 
2019-11-24 16:42:57 [32minfo[39m [index.js]: 	68.92 
2019-11-24 16:42:58 [32minfo[39m [index.js]: 	76.97 
2019-11-24 16:42:59 [32minfo[39m [index.js]: 	60.82 
2019-11-24 16:43:00 [32minfo[39m [index.js]: 	60.11 
2019-11-24 16:43:01 [32minfo[39m [index.js]: 	61.25 
2019-11-24 16:43:02 [32minfo[39m [index.js]: 	62.33 
2019-11-24 16:43:04 [32minfo[39m [index.js]: 	59.3 
2019-11-24 16:43:05 [32minfo[39m [index.js]: 	76.97 
2019-11-24 16:43:06 [32minfo[39m [index.js]: 	58.08 
2019-11-24 16:43:07 [32minfo[39m [index.js]: 	59.94 
2019-11-24 16:43:08 [32minfo[39m [index.js]: 	61.65 
2019-11-24 16:43:09 [32minfo[39m [index.js]: 	65.61 
2019-11-24 16:43:10 [32minfo[39m [index.js]: 	58.97 
2019-11-24 16:43:11 [32minfo[39m [index.js]: 	56.06 
2019-11-24 16:43:12 [32minfo[39m [index.js]: 	57.23 
2019-11-24 16:43:13 [32minfo[39m [index.js]: 	57.57 
2019-11-24 16:43:14 [32minfo[39m [index.js]: 	56.43 
2019-11-24 16:43:15 [32minfo[39m [index.js]: 	51.81 
2019-11-24 16:43:16 [32minfo[39m [index.js]: 	60.7 
2019-11-24 16:43:17 [32minfo[39m [index.js]: 	68.48 
2019-11-24 16:43:18 [32minfo[39m [index.js]: 	59.12 
2019-11-24 16:43:19 [32minfo[39m [index.js]: 	69.19 
2019-11-24 16:43:20 [32minfo[39m [index.js]: 	69.52 
2019-11-24 16:43:21 [32minfo[39m [index.js]: 	74.66 
2019-11-24 16:43:22 [32minfo[39m [index.js]: 	60.34 
2019-11-24 16:43:23 [32minfo[39m [index.js]: 	70.99 
2019-11-24 16:43:24 [32minfo[39m [index.js]: 	66.93 
2019-11-24 16:43:25 [32minfo[39m [index.js]: 	63.07 
2019-11-24 16:43:26 [32minfo[39m [index.js]: 	69.35 
2019-11-24 16:43:27 [32minfo[39m [index.js]: 	65.36 
2019-11-24 16:43:28 [32minfo[39m [index.js]: 	60.76 
2019-11-24 16:43:29 [32minfo[39m [index.js]: 	58.56 
2019-11-24 16:43:30 [32minfo[39m [index.js]: 	37 
2019-11-24 16:43:31 [32minfo[39m [index.js]: 	54.31 
2019-11-24 16:43:32 [32minfo[39m [index.js]: 	58.31 
2019-11-24 16:43:33 [32minfo[39m [index.js]: 	51.51 
2019-11-24 16:43:34 [32minfo[39m [index.js]: 	32.75 
2019-11-24 16:43:35 [32minfo[39m [index.js]: 	50.2 
2019-11-24 16:43:36 [32minfo[39m [index.js]: 	52.81 
2019-11-24 16:43:37 [32minfo[39m [index.js]: 	44.73 
2019-11-24 16:43:38 [32minfo[39m [index.js]: 	53.85 
2019-11-24 16:43:39 [32minfo[39m [index.js]: 	53.41 
2019-11-24 16:43:40 [32minfo[39m [index.js]: 	48.57 
2019-11-24 16:43:41 [32minfo[39m [index.js]: 	56.6 
2019-11-24 16:43:42 [32minfo[39m [index.js]: 	51.48 
2019-11-24 16:43:43 [32minfo[39m [index.js]: 	52.92 
2019-11-24 16:43:44 [32minfo[39m [index.js]: 	54.07 
2019-11-24 16:43:45 [32minfo[39m [index.js]: 	55.56 
2019-11-24 16:43:46 [32minfo[39m [index.js]: 	46.09 
2019-11-24 16:43:47 [32minfo[39m [index.js]: 	52.8 
2019-11-24 16:43:48 [32minfo[39m [index.js]: 	56.03 
2019-11-24 16:43:49 [32minfo[39m [index.js]: 	53.78 
2019-11-24 16:43:50 [32minfo[39m [index.js]: 	54.31 
2019-11-24 16:43:51 [32minfo[39m [index.js]: 	58.43 
2019-11-24 16:43:52 [32minfo[39m [index.js]: 	60.07 
2019-11-24 16:43:53 [32minfo[39m [index.js]: 	62.2 
2019-11-24 16:43:54 [32minfo[39m [index.js]: 	59.39 
2019-11-24 16:43:55 [32minfo[39m [index.js]: 	57.73 
2019-11-24 16:43:56 [32minfo[39m [index.js]: 	57.47 
2019-11-24 16:43:57 [32minfo[39m [index.js]: 	58.59 
2019-11-24 16:43:58 [32minfo[39m [index.js]: 	57.63 
2019-11-24 16:43:59 [32minfo[39m [index.js]: 	60 
2019-11-24 16:44:00 [32minfo[39m [index.js]: 	62.36 
2019-11-24 16:44:01 [32minfo[39m [index.js]: 	68.21 
2019-11-24 16:44:03 [32minfo[39m [index.js]: 	64.02 
2019-11-24 16:44:04 [32minfo[39m [index.js]: 	75.79 
2019-11-24 16:54:54 [32minfo[39m [index.js]: 	check called 
2019-11-24 16:54:55 [32minfo[39m [index.js]: 	check called 
2019-11-24 16:54:56 [32minfo[39m [index.js]: 	check called 
2019-11-24 16:54:57 [32minfo[39m [index.js]: 	check called 
2019-11-24 16:54:58 [32minfo[39m [index.js]: 	check called 
2019-11-24 16:54:59 [32minfo[39m [index.js]: 	check called 
2019-11-24 16:56:43 [32minfo[39m [index.js]: 	check called 
2019-11-24 16:56:43 [32minfo[39m [index.js]: 	5.96142578125 
2019-11-24 16:56:44 [32minfo[39m [index.js]: 	check called 
2019-11-24 16:56:44 [32minfo[39m [index.js]: 	5.88427734375 
2019-11-24 16:56:45 [32minfo[39m [index.js]: 	check called 
2019-11-24 16:56:45 [32minfo[39m [index.js]: 	5.88427734375 
2019-11-24 16:56:46 [32minfo[39m [index.js]: 	check called 
2019-11-24 16:56:46 [32minfo[39m [index.js]: 	5.88427734375 
2019-11-24 16:56:47 [32minfo[39m [index.js]: 	check called 
2019-11-24 16:56:47 [32minfo[39m [index.js]: 	5.88427734375 
2019-11-24 16:56:48 [32minfo[39m [index.js]: 	check called 
2019-11-24 16:56:48 [32minfo[39m [index.js]: 	5.88427734375 
2019-11-24 16:56:49 [32minfo[39m [index.js]: 	check called 
2019-11-24 16:56:49 [32minfo[39m [index.js]: 	5.9736328125 
2019-11-24 16:56:50 [32minfo[39m [index.js]: 	check called 
2019-11-24 16:56:50 [32minfo[39m [index.js]: 	5.9736328125 
2019-11-24 16:56:51 [32minfo[39m [index.js]: 	check called 
2019-11-24 16:56:51 [32minfo[39m [index.js]: 	5.9736328125 
2019-11-24 16:56:52 [32minfo[39m [index.js]: 	check called 
2019-11-24 16:56:52 [32minfo[39m [index.js]: 	5.9736328125 
2019-11-24 16:56:53 [32minfo[39m [index.js]: 	check called 
2019-11-24 16:56:53 [32minfo[39m [index.js]: 	5.9736328125 
2019-11-24 16:56:54 [32minfo[39m [index.js]: 	check called 
2019-11-24 16:56:54 [32minfo[39m [index.js]: 	6.13623046875 
2019-11-24 16:56:55 [32minfo[39m [index.js]: 	check called 
2019-11-24 16:56:55 [32minfo[39m [index.js]: 	6.13623046875 
2019-11-24 16:56:56 [32minfo[39m [index.js]: 	check called 
2019-11-24 16:56:56 [32minfo[39m [index.js]: 	6.13623046875 
2019-11-24 16:56:57 [32minfo[39m [index.js]: 	check called 
2019-11-24 16:56:57 [32minfo[39m [index.js]: 	6.13623046875 
2019-11-24 16:56:58 [32minfo[39m [index.js]: 	check called 
2019-11-24 16:56:58 [32minfo[39m [index.js]: 	6.13623046875 
2019-11-24 16:56:59 [32minfo[39m [index.js]: 	check called 
2019-11-24 16:56:59 [32minfo[39m [index.js]: 	5.96484375 
2019-11-24 16:57:00 [32minfo[39m [index.js]: 	check called 
2019-11-24 16:57:00 [32minfo[39m [index.js]: 	5.96484375 
2019-11-24 16:57:01 [32minfo[39m [index.js]: 	check called 
2019-11-24 16:57:01 [32minfo[39m [index.js]: 	5.96484375 
2019-11-24 16:57:02 [32minfo[39m [index.js]: 	check called 
2019-11-24 16:57:02 [32minfo[39m [index.js]: 	5.96484375 
2019-11-24 16:57:03 [32minfo[39m [index.js]: 	check called 
2019-11-24 16:57:03 [32minfo[39m [index.js]: 	5.96484375 
2019-11-24 16:57:04 [32minfo[39m [index.js]: 	check called 
2019-11-24 16:57:04 [32minfo[39m [index.js]: 	5.9677734375 
2019-11-24 16:57:05 [32minfo[39m [index.js]: 	check called 
2019-11-24 16:57:05 [32minfo[39m [index.js]: 	5.9677734375 
2019-11-24 16:57:06 [32minfo[39m [index.js]: 	check called 
2019-11-24 16:57:06 [32minfo[39m [index.js]: 	5.9677734375 
2019-11-24 16:57:07 [32minfo[39m [index.js]: 	check called 
2019-11-24 16:57:07 [32minfo[39m [index.js]: 	5.9677734375 
2019-11-24 16:57:08 [32minfo[39m [index.js]: 	check called 
2019-11-24 16:57:08 [32minfo[39m [index.js]: 	5.9677734375 
2019-11-24 16:57:09 [32minfo[39m [index.js]: 	check called 
2019-11-24 16:57:09 [32minfo[39m [index.js]: 	5.64990234375 
2019-11-24 16:57:10 [32minfo[39m [index.js]: 	check called 
2019-11-24 16:57:10 [32minfo[39m [index.js]: 	5.64990234375 
2019-11-24 16:57:11 [32minfo[39m [index.js]: 	check called 
2019-11-24 16:57:11 [32minfo[39m [index.js]: 	5.64990234375 
2019-11-24 16:57:12 [32minfo[39m [index.js]: 	check called 
2019-11-24 16:57:12 [32minfo[39m [index.js]: 	5.64990234375 
2019-11-24 16:57:13 [32minfo[39m [index.js]: 	check called 
2019-11-24 16:57:13 [32minfo[39m [index.js]: 	5.4375 
2019-11-24 16:57:14 [32minfo[39m [index.js]: 	check called 
2019-11-24 16:57:14 [32minfo[39m [index.js]: 	5.4375 
2019-11-24 16:57:16 [32minfo[39m [index.js]: 	check called 
2019-11-24 16:57:16 [32minfo[39m [index.js]: 	5.4375 
2019-11-24 16:57:17 [32minfo[39m [index.js]: 	check called 
2019-11-24 16:57:17 [32minfo[39m [index.js]: 	5.4375 
2019-11-24 16:57:18 [32minfo[39m [index.js]: 	check called 
2019-11-24 16:57:18 [32minfo[39m [index.js]: 	5.4375 
2019-11-24 16:57:19 [32minfo[39m [index.js]: 	check called 
2019-11-24 16:57:19 [32minfo[39m [index.js]: 	5.162109375 
2019-11-24 16:57:20 [32minfo[39m [index.js]: 	check called 
2019-11-24 16:57:20 [32minfo[39m [index.js]: 	5.162109375 
2019-11-24 16:57:21 [32minfo[39m [index.js]: 	check called 
2019-11-24 16:57:21 [32minfo[39m [index.js]: 	5.162109375 
2019-11-24 16:57:22 [32minfo[39m [index.js]: 	check called 
2019-11-24 16:57:22 [32minfo[39m [index.js]: 	5.162109375 
2019-11-24 16:57:23 [32minfo[39m [index.js]: 	check called 
2019-11-24 16:57:23 [32minfo[39m [index.js]: 	5.162109375 
2019-11-24 16:57:24 [32minfo[39m [index.js]: 	check called 
2019-11-24 16:57:24 [32minfo[39m [index.js]: 	4.98876953125 
2019-11-24 16:57:25 [32minfo[39m [index.js]: 	check called 
2019-11-24 16:57:25 [32minfo[39m [index.js]: 	4.98876953125 
2019-11-24 16:57:26 [32minfo[39m [index.js]: 	check called 
2019-11-24 16:57:26 [32minfo[39m [index.js]: 	4.98876953125 
2019-11-24 16:57:27 [32minfo[39m [index.js]: 	check called 
2019-11-24 16:57:27 [32minfo[39m [index.js]: 	4.98876953125 
2019-11-24 16:57:28 [32minfo[39m [index.js]: 	check called 
2019-11-24 16:57:28 [32minfo[39m [index.js]: 	4.98876953125 
2019-11-24 16:57:29 [32minfo[39m [index.js]: 	check called 
2019-11-24 16:57:29 [32minfo[39m [index.js]: 	4.7490234375 
2019-11-24 16:57:30 [32minfo[39m [index.js]: 	check called 
2019-11-24 16:57:30 [32minfo[39m [index.js]: 	4.7490234375 
2019-11-24 16:57:31 [32minfo[39m [index.js]: 	check called 
2019-11-24 16:57:31 [32minfo[39m [index.js]: 	4.7490234375 
2019-11-24 16:57:32 [32minfo[39m [index.js]: 	check called 
2019-11-24 16:57:32 [32minfo[39m [index.js]: 	4.7490234375 
2019-11-24 16:57:33 [32minfo[39m [index.js]: 	check called 
2019-11-24 16:57:33 [32minfo[39m [index.js]: 	4.7490234375 
2019-11-24 16:57:34 [32minfo[39m [index.js]: 	check called 
2019-11-24 16:57:34 [32minfo[39m [index.js]: 	4.52880859375 
2019-11-24 16:57:35 [32minfo[39m [index.js]: 	check called 
2019-11-24 16:57:35 [32minfo[39m [index.js]: 	4.52880859375 
2019-11-24 16:57:36 [32minfo[39m [index.js]: 	check called 
2019-11-24 16:57:36 [32minfo[39m [index.js]: 	4.52880859375 
2019-11-24 16:57:37 [32minfo[39m [index.js]: 	check called 
2019-11-24 16:57:37 [32minfo[39m [index.js]: 	4.52880859375 
2019-11-24 16:57:38 [32minfo[39m [index.js]: 	check called 
2019-11-24 16:57:38 [32minfo[39m [index.js]: 	4.52880859375 
2019-11-24 16:57:39 [32minfo[39m [index.js]: 	check called 
2019-11-24 16:57:39 [32minfo[39m [index.js]: 	4.326171875 
2019-11-24 16:57:40 [32minfo[39m [index.js]: 	check called 
2019-11-24 16:57:40 [32minfo[39m [index.js]: 	4.326171875 
2019-11-24 16:57:41 [32minfo[39m [index.js]: 	check called 
2019-11-24 16:57:41 [32minfo[39m [index.js]: 	4.326171875 
2019-11-24 16:57:42 [32minfo[39m [index.js]: 	check called 
2019-11-24 16:57:42 [32minfo[39m [index.js]: 	4.326171875 
2019-11-24 16:57:43 [32minfo[39m [index.js]: 	check called 
2019-11-24 16:57:43 [32minfo[39m [index.js]: 	4.326171875 
2019-11-24 16:57:44 [32minfo[39m [index.js]: 	check called 
2019-11-24 16:57:44 [32minfo[39m [index.js]: 	4.1396484375 
2019-11-24 16:57:45 [32minfo[39m [index.js]: 	check called 
2019-11-24 16:57:45 [32minfo[39m [index.js]: 	4.1396484375 
2019-11-24 16:57:46 [32minfo[39m [index.js]: 	check called 
2019-11-24 16:57:46 [32minfo[39m [index.js]: 	4.1396484375 
2019-11-24 16:57:47 [32minfo[39m [index.js]: 	check called 
2019-11-24 16:57:47 [32minfo[39m [index.js]: 	4.1396484375 
2019-11-24 16:59:25 [32minfo[39m [index.js]: 	Avg 1 min load %s 2.6572265625
2019-11-24 16:59:26 [32minfo[39m [index.js]: 	29.02 
2019-11-24 16:59:26 [32minfo[39m [index.js]: 	Avg 1 min load %s 2.6572265625
2019-11-24 16:59:27 [32minfo[39m [index.js]: 	31.28 
2019-11-24 16:59:27 [32minfo[39m [index.js]: 	Avg 1 min load %s 2.6572265625
2019-11-24 16:59:28 [32minfo[39m [index.js]: 	28.12 
2019-11-24 16:59:28 [32minfo[39m [index.js]: 	Avg 1 min load %s 2.6572265625
2019-11-24 16:59:29 [32minfo[39m [index.js]: 	30 
2019-11-24 16:59:29 [32minfo[39m [index.js]: 	Avg 1 min load %s 2.5244140625
2019-11-24 16:59:30 [32minfo[39m [index.js]: 	32.73 
2019-11-24 16:59:30 [32minfo[39m [index.js]: 	Avg 1 min load %s 2.5244140625
2019-11-24 16:59:31 [32minfo[39m [index.js]: 	29.31 
2019-11-24 16:59:31 [32minfo[39m [index.js]: 	Avg 1 min load %s 2.5244140625
2019-11-24 16:59:32 [32minfo[39m [index.js]: 	25.68 
2019-11-24 16:59:32 [32minfo[39m [index.js]: 	Avg 1 min load %s 2.5244140625
2019-11-24 16:59:34 [32minfo[39m [index.js]: 	25.66 
2019-11-24 16:59:34 [32minfo[39m [index.js]: 	Avg 1 min load %s 2.5244140625
2019-11-24 16:59:35 [32minfo[39m [index.js]: 	27.75 
2019-11-24 16:59:35 [32minfo[39m [index.js]: 	Avg 1 min load %s 2.48193359375
2019-11-24 16:59:36 [32minfo[39m [index.js]: 	27.99 
2019-11-24 16:59:36 [32minfo[39m [index.js]: 	Avg 1 min load %s 2.48193359375
2019-11-24 16:59:37 [32minfo[39m [index.js]: 	18.89 
2019-11-24 16:59:37 [32minfo[39m [index.js]: 	Avg 1 min load %s 2.48193359375
2019-11-24 16:59:38 [32minfo[39m [index.js]: 	25.67 
2019-11-24 16:59:38 [32minfo[39m [index.js]: 	Avg 1 min load %s 2.48193359375
2019-11-24 16:59:39 [32minfo[39m [index.js]: 	32.38 
2019-11-24 16:59:39 [32minfo[39m [index.js]: 	Avg 1 min load %s 2.44287109375
2019-11-24 16:59:40 [32minfo[39m [index.js]: 	43.01 
2019-11-24 16:59:40 [32minfo[39m [index.js]: 	Avg 1 min load %s 2.44287109375
2019-11-24 17:00:50 [32minfo[39m [index.js]: 	Avg 1 min load 183.203125 
2019-11-24 17:00:50 [32minfo[39m [index.js]: 	Avg 5 min load 376.953125  
2019-11-24 17:00:51 [32minfo[39m [index.js]: 	31.11 
2019-11-24 17:00:51 [32minfo[39m [index.js]: 	Avg 1 min load 183.203125 
2019-11-24 17:00:51 [32minfo[39m [index.js]: 	Avg 5 min load 376.953125  
2019-11-24 17:00:52 [32minfo[39m [index.js]: 	29.31 
2019-11-24 17:00:52 [32minfo[39m [index.js]: 	Avg 1 min load 183.203125 
2019-11-24 17:00:52 [32minfo[39m [index.js]: 	Avg 5 min load 376.953125  
2019-11-24 17:00:53 [32minfo[39m [index.js]: 	29.35 
2019-11-24 17:00:53 [32minfo[39m [index.js]: 	Avg 1 min load 183.203125 
2019-11-24 17:00:53 [32minfo[39m [index.js]: 	Avg 5 min load 376.953125  
2019-11-24 17:00:54 [32minfo[39m [index.js]: 	30.23 
2019-11-24 17:00:54 [32minfo[39m [index.js]: 	Avg 1 min load 183.203125 
2019-11-24 17:00:54 [32minfo[39m [index.js]: 	Avg 5 min load 376.953125  
2019-11-24 17:00:55 [32minfo[39m [index.js]: 	32.91 
2019-11-24 17:00:55 [32minfo[39m [index.js]: 	Avg 1 min load 176.513671875 
2019-11-24 17:00:55 [32minfo[39m [index.js]: 	Avg 5 min load 372.314453125  
2019-11-24 17:00:56 [32minfo[39m [index.js]: 	30.95 
2019-11-24 17:00:56 [32minfo[39m [index.js]: 	Avg 1 min load 176.513671875 
2019-11-24 17:00:56 [32minfo[39m [index.js]: 	Avg 5 min load 372.314453125  
2019-11-24 17:00:57 [32minfo[39m [index.js]: 	31.96 
2019-11-24 17:00:57 [32minfo[39m [index.js]: 	Avg 1 min load 176.513671875 
2019-11-24 17:00:57 [32minfo[39m [index.js]: 	Avg 5 min load 372.314453125  
2019-11-24 17:00:58 [32minfo[39m [index.js]: 	29.92 
2019-11-24 17:00:58 [32minfo[39m [index.js]: 	Avg 1 min load 176.513671875 
2019-11-24 17:00:58 [32minfo[39m [index.js]: 	Avg 5 min load 372.314453125  
2019-11-24 17:00:59 [32minfo[39m [index.js]: 	31.12 
2019-11-24 17:00:59 [32minfo[39m [index.js]: 	Avg 1 min load 170.361328125 
2019-11-24 17:00:59 [32minfo[39m [index.js]: 	Avg 5 min load 367.7734375  
2019-11-24 17:01:00 [32minfo[39m [index.js]: 	34.46 
2019-11-24 17:01:00 [32minfo[39m [index.js]: 	Avg 1 min load 170.361328125 
2019-11-24 17:01:00 [32minfo[39m [index.js]: 	Avg 5 min load 367.7734375  
2019-11-24 17:01:21 [32minfo[39m [index.js]: 	Avg 1 min load 2.677734375 
2019-11-24 17:01:21 [32minfo[39m [index.js]: 	Avg 5 min load 3.76513671875  
2019-11-24 17:01:22 [32minfo[39m [index.js]: 	31.61 
2019-11-24 17:01:22 [32minfo[39m [index.js]: 	Avg 1 min load 2.677734375 
2019-11-24 17:01:22 [32minfo[39m [index.js]: 	Avg 5 min load 3.76513671875  
2019-11-24 17:01:23 [32minfo[39m [index.js]: 	33.48 
2019-11-24 17:01:23 [32minfo[39m [index.js]: 	Avg 1 min load 2.677734375 
2019-11-24 17:01:23 [32minfo[39m [index.js]: 	Avg 5 min load 3.76513671875  
2019-11-24 17:01:24 [32minfo[39m [index.js]: 	41.18 
2019-11-24 17:01:24 [32minfo[39m [index.js]: 	Avg 1 min load 2.78369140625 
2019-11-24 17:01:24 [32minfo[39m [index.js]: 	Avg 5 min load 3.76904296875  
2019-11-24 17:01:25 [32minfo[39m [index.js]: 	35.42 
2019-11-24 17:01:25 [32minfo[39m [index.js]: 	Avg 1 min load 2.78369140625 
2019-11-24 17:01:25 [32minfo[39m [index.js]: 	Avg 5 min load 3.76904296875  
2019-11-24 17:01:26 [32minfo[39m [index.js]: 	41.52 
2019-11-24 17:01:26 [32minfo[39m [index.js]: 	Avg 1 min load 2.78369140625 
2019-11-24 17:01:26 [32minfo[39m [index.js]: 	Avg 5 min load 3.76904296875  
2019-11-24 17:01:27 [32minfo[39m [index.js]: 	42.11 
2019-11-24 17:01:27 [32minfo[39m [index.js]: 	Avg 1 min load 2.78369140625 
2019-11-24 17:01:27 [32minfo[39m [index.js]: 	Avg 5 min load 3.76904296875  
2019-11-24 17:01:28 [32minfo[39m [index.js]: 	55.36 
2019-11-24 17:01:28 [32minfo[39m [index.js]: 	Avg 1 min load 2.78369140625 
2019-11-24 17:01:28 [32minfo[39m [index.js]: 	Avg 5 min load 3.76904296875  
2019-11-24 17:01:29 [32minfo[39m [index.js]: 	54.91 
2019-11-24 17:01:29 [32minfo[39m [index.js]: 	Avg 1 min load 2.96142578125 
2019-11-24 17:01:29 [32minfo[39m [index.js]: 	Avg 5 min load 3.78955078125  
2019-11-24 17:01:30 [32minfo[39m [index.js]: 	42.46 
2019-11-24 17:01:30 [32minfo[39m [index.js]: 	Avg 1 min load 2.96142578125 
2019-11-24 17:01:30 [32minfo[39m [index.js]: 	Avg 5 min load 3.78955078125  
2019-11-24 17:01:31 [32minfo[39m [index.js]: 	34.29 
2019-11-24 17:01:32 [32minfo[39m [index.js]: 	Avg 1 min load 2.96142578125 
2019-11-24 17:01:32 [32minfo[39m [index.js]: 	Avg 5 min load 3.78955078125  
2019-11-24 17:01:33 [32minfo[39m [index.js]: 	30.91 
2019-11-24 17:01:33 [32minfo[39m [index.js]: 	Avg 1 min load 2.96142578125 
2019-11-24 17:01:33 [32minfo[39m [index.js]: 	Avg 5 min load 3.78955078125  
2019-11-24 17:01:34 [32minfo[39m [index.js]: 	31.35 
2019-11-24 17:01:34 [32minfo[39m [index.js]: 	Avg 1 min load 2.96142578125 
2019-11-24 17:01:34 [32minfo[39m [index.js]: 	Avg 5 min load 3.78955078125  
2019-11-24 17:01:35 [32minfo[39m [index.js]: 	65.91 
2019-11-24 17:01:35 [32minfo[39m [index.js]: 	Avg 1 min load 2.88427734375 
2019-11-24 17:01:35 [32minfo[39m [index.js]: 	Avg 5 min load 3.759765625  
2019-11-24 17:01:36 [32minfo[39m [index.js]: 	32.9 
2019-11-24 17:01:36 [32minfo[39m [index.js]: 	Avg 1 min load 2.88427734375 
2019-11-24 17:01:36 [32minfo[39m [index.js]: 	Avg 5 min load 3.759765625  
2019-11-24 17:01:37 [32minfo[39m [index.js]: 	31.7 
2019-11-24 17:01:37 [32minfo[39m [index.js]: 	Avg 1 min load 2.88427734375 
2019-11-24 17:01:37 [32minfo[39m [index.js]: 	Avg 5 min load 3.759765625  
2019-11-24 17:01:38 [32minfo[39m [index.js]: 	29.23 
2019-11-24 17:01:38 [32minfo[39m [index.js]: 	Avg 1 min load 2.88427734375 
2019-11-24 17:01:38 [32minfo[39m [index.js]: 	Avg 5 min load 3.759765625  
2019-11-24 17:01:39 [32minfo[39m [index.js]: 	37.69 
2019-11-24 17:01:39 [32minfo[39m [index.js]: 	Avg 1 min load 2.88427734375 
2019-11-24 17:01:39 [32minfo[39m [index.js]: 	Avg 5 min load 3.759765625  
2019-11-24 17:01:40 [32minfo[39m [index.js]: 	35.14 
2019-11-24 17:01:40 [32minfo[39m [index.js]: 	Avg 1 min load 2.73291015625 
2019-11-24 17:01:40 [32minfo[39m [index.js]: 	Avg 5 min load 3.7138671875  
2019-11-24 17:01:41 [32minfo[39m [index.js]: 	36.92 
2019-11-24 17:01:41 [32minfo[39m [index.js]: 	Avg 1 min load 2.73291015625 
2019-11-24 17:01:41 [32minfo[39m [index.js]: 	Avg 5 min load 3.7138671875  
2019-11-24 17:01:42 [32minfo[39m [index.js]: 	30.13 
2019-11-24 17:01:42 [32minfo[39m [index.js]: 	Avg 1 min load 2.73291015625 
2019-11-24 17:01:42 [32minfo[39m [index.js]: 	Avg 5 min load 3.7138671875  
2019-11-24 17:01:43 [32minfo[39m [index.js]: 	29.92 
2019-11-24 17:01:43 [32minfo[39m [index.js]: 	Avg 1 min load 2.73291015625 
2019-11-24 17:01:43 [32minfo[39m [index.js]: 	Avg 5 min load 3.7138671875  
2019-11-24 17:01:44 [32minfo[39m [index.js]: 	29.23 
2019-11-24 17:01:44 [32minfo[39m [index.js]: 	Avg 1 min load 2.59375 
2019-11-24 17:01:44 [32minfo[39m [index.js]: 	Avg 5 min load 3.66845703125  
2019-11-24 17:01:45 [32minfo[39m [index.js]: 	36.5 
2019-11-24 17:01:45 [32minfo[39m [index.js]: 	Avg 1 min load 2.59375 
2019-11-24 17:01:45 [32minfo[39m [index.js]: 	Avg 5 min load 3.66845703125  
2019-11-24 17:01:46 [32minfo[39m [index.js]: 	29.53 
2019-11-24 17:01:46 [32minfo[39m [index.js]: 	Avg 1 min load 2.59375 
2019-11-24 17:01:46 [32minfo[39m [index.js]: 	Avg 5 min load 3.66845703125  
2019-11-24 17:01:47 [32minfo[39m [index.js]: 	34.44 
2019-11-24 17:01:47 [32minfo[39m [index.js]: 	Avg 1 min load 2.59375 
2019-11-24 17:01:47 [32minfo[39m [index.js]: 	Avg 5 min load 3.66845703125  
2019-11-24 17:01:48 [32minfo[39m [index.js]: 	30.41 
2019-11-24 17:01:48 [32minfo[39m [index.js]: 	Avg 1 min load 2.59375 
2019-11-24 17:01:48 [32minfo[39m [index.js]: 	Avg 5 min load 3.66845703125  
2019-11-24 17:01:49 [32minfo[39m [index.js]: 	32.32 
2019-11-24 17:01:49 [32minfo[39m [index.js]: 	Avg 1 min load 2.5458984375 
2019-11-24 17:01:49 [32minfo[39m [index.js]: 	Avg 5 min load 3.640625  
2019-11-24 17:01:50 [32minfo[39m [index.js]: 	34.78 
2019-11-24 17:01:50 [32minfo[39m [index.js]: 	Avg 1 min load 2.5458984375 
2019-11-24 17:01:50 [32minfo[39m [index.js]: 	Avg 5 min load 3.640625  
2019-11-24 17:01:51 [32minfo[39m [index.js]: 	35.04 
2019-11-24 17:01:51 [32minfo[39m [index.js]: 	Avg 1 min load 2.5458984375 
2019-11-24 17:01:51 [32minfo[39m [index.js]: 	Avg 5 min load 3.640625  
2019-11-24 17:01:52 [32minfo[39m [index.js]: 	38.66 
2019-11-24 17:01:52 [32minfo[39m [index.js]: 	Avg 1 min load 2.5458984375 
2019-11-24 17:01:52 [32minfo[39m [index.js]: 	Avg 5 min load 3.640625  
2019-11-24 17:01:53 [32minfo[39m [index.js]: 	39.11 
2019-11-24 17:01:53 [32minfo[39m [index.js]: 	Avg 1 min load 2.5458984375 
2019-11-24 17:01:53 [32minfo[39m [index.js]: 	Avg 5 min load 3.640625  
2019-11-24 17:01:54 [32minfo[39m [index.js]: 	49.48 
2019-11-24 17:01:54 [32minfo[39m [index.js]: 	Avg 1 min load 2.66259765625 
2019-11-24 17:01:54 [32minfo[39m [index.js]: 	Avg 5 min load 3.64697265625  
2019-11-24 17:01:55 [32minfo[39m [index.js]: 	73.15 
2019-11-24 17:01:55 [32minfo[39m [index.js]: 	Avg 1 min load 2.66259765625 
2019-11-24 17:01:55 [32minfo[39m [index.js]: 	Avg 5 min load 3.64697265625  
2019-11-24 17:01:56 [32minfo[39m [index.js]: 	35.4 
2019-11-24 17:01:56 [32minfo[39m [index.js]: 	Avg 1 min load 2.66259765625 
2019-11-24 17:01:56 [32minfo[39m [index.js]: 	Avg 5 min load 3.64697265625  
2019-11-24 17:01:57 [32minfo[39m [index.js]: 	31.36 
2019-11-24 17:01:57 [32minfo[39m [index.js]: 	Avg 1 min load 2.66259765625 
2019-11-24 17:01:57 [32minfo[39m [index.js]: 	Avg 5 min load 3.64697265625  
2019-11-24 17:01:58 [32minfo[39m [index.js]: 	29.38 
2019-11-24 17:01:58 [32minfo[39m [index.js]: 	Avg 1 min load 2.66259765625 
2019-11-24 17:01:58 [32minfo[39m [index.js]: 	Avg 5 min load 3.64697265625  
2019-11-24 17:01:59 [32minfo[39m [index.js]: 	37.91 
2019-11-24 17:01:59 [32minfo[39m [index.js]: 	Avg 1 min load 2.85009765625 
2019-11-24 17:01:59 [32minfo[39m [index.js]: 	Avg 5 min load 3.669921875  
2019-11-24 17:02:00 [32minfo[39m [index.js]: 	31.46 
2019-11-24 17:02:00 [32minfo[39m [index.js]: 	Avg 1 min load 2.85009765625 
2019-11-24 17:02:00 [32minfo[39m [index.js]: 	Avg 5 min load 3.669921875  
2019-11-24 17:02:01 [32minfo[39m [index.js]: 	29.79 
2019-11-24 17:02:01 [32minfo[39m [index.js]: 	Avg 1 min load 2.85009765625 
2019-11-24 17:02:01 [32minfo[39m [index.js]: 	Avg 5 min load 3.669921875  
2019-11-24 17:02:02 [32minfo[39m [index.js]: 	32.39 
2019-11-24 17:02:02 [32minfo[39m [index.js]: 	Avg 1 min load 2.85009765625 
2019-11-24 17:02:02 [32minfo[39m [index.js]: 	Avg 5 min load 3.669921875  
2019-11-24 17:02:03 [32minfo[39m [index.js]: 	39.64 
2019-11-24 17:02:03 [32minfo[39m [index.js]: 	Avg 1 min load 2.85009765625 
2019-11-24 17:02:03 [32minfo[39m [index.js]: 	Avg 5 min load 3.669921875  
2019-11-24 17:02:04 [32minfo[39m [index.js]: 	63.78 
2019-11-24 17:02:04 [32minfo[39m [index.js]: 	Avg 1 min load 3.0224609375 
2019-11-24 17:02:04 [32minfo[39m [index.js]: 	Avg 5 min load 3.6923828125  
2019-11-24 17:02:05 [32minfo[39m [index.js]: 	74.48 
2019-11-24 17:02:05 [32minfo[39m [index.js]: 	Avg 1 min load 3.0224609375 
2019-11-24 17:02:05 [32minfo[39m [index.js]: 	Avg 5 min load 3.6923828125  
2019-11-24 17:02:06 [32minfo[39m [index.js]: 	71.79 
2019-11-24 17:02:06 [32minfo[39m [index.js]: 	Avg 1 min load 3.0224609375 
2019-11-24 17:02:06 [32minfo[39m [index.js]: 	Avg 5 min load 3.6923828125  
2019-11-24 17:02:07 [32minfo[39m [index.js]: 	41.86 
2019-11-24 17:02:07 [32minfo[39m [index.js]: 	Avg 1 min load 3.0224609375 
2019-11-24 17:02:07 [32minfo[39m [index.js]: 	Avg 5 min load 3.6923828125  
2019-11-24 17:02:08 [32minfo[39m [index.js]: 	45.82 
2019-11-24 17:02:08 [32minfo[39m [index.js]: 	Avg 1 min load 3.0224609375 
2019-11-24 17:02:08 [32minfo[39m [index.js]: 	Avg 5 min load 3.6923828125  
2019-11-24 17:02:09 [32minfo[39m [index.js]: 	31.54 
2019-11-24 17:02:09 [32minfo[39m [index.js]: 	Avg 1 min load 2.9404296875 
2019-11-24 17:02:09 [32minfo[39m [index.js]: 	Avg 5 min load 3.6640625  
2019-11-24 17:02:10 [32minfo[39m [index.js]: 	35.4 
2019-11-24 17:02:10 [32minfo[39m [index.js]: 	Avg 1 min load 2.9404296875 
2019-11-24 17:02:10 [32minfo[39m [index.js]: 	Avg 5 min load 3.6640625  
2019-11-24 17:02:11 [32minfo[39m [index.js]: 	46.29 
2019-11-24 17:02:11 [32minfo[39m [index.js]: 	Avg 1 min load 2.9404296875 
2019-11-24 17:02:11 [32minfo[39m [index.js]: 	Avg 5 min load 3.6640625  
2019-11-24 17:02:12 [32minfo[39m [index.js]: 	48.85 
2019-11-24 17:02:12 [32minfo[39m [index.js]: 	Avg 1 min load 2.9404296875 
2019-11-24 17:02:12 [32minfo[39m [index.js]: 	Avg 5 min load 3.6640625  
2019-11-24 17:02:13 [32minfo[39m [index.js]: 	42.6 
2019-11-24 17:02:13 [32minfo[39m [index.js]: 	Avg 1 min load 2.9404296875 
2019-11-24 17:02:13 [32minfo[39m [index.js]: 	Avg 5 min load 3.6640625  
2019-11-24 17:02:14 [32minfo[39m [index.js]: 	39.07 
2019-11-24 17:02:14 [32minfo[39m [index.js]: 	Avg 1 min load 2.86474609375 
2019-11-24 17:02:14 [32minfo[39m [index.js]: 	Avg 5 min load 3.63623046875  
2019-11-24 17:02:15 [32minfo[39m [index.js]: 	37.95 
2019-11-24 17:02:15 [32minfo[39m [index.js]: 	Avg 1 min load 2.86474609375 
2019-11-24 17:02:15 [32minfo[39m [index.js]: 	Avg 5 min load 3.63623046875  
2019-11-24 17:02:16 [32minfo[39m [index.js]: 	38.72 
2019-11-24 17:02:16 [32minfo[39m [index.js]: 	Avg 1 min load 2.86474609375 
2019-11-24 17:02:16 [32minfo[39m [index.js]: 	Avg 5 min load 3.63623046875  
2019-11-24 17:02:17 [32minfo[39m [index.js]: 	32.64 
2019-11-24 17:02:17 [32minfo[39m [index.js]: 	Avg 1 min load 2.86474609375 
2019-11-24 17:02:17 [32minfo[39m [index.js]: 	Avg 5 min load 3.63623046875  
2019-11-24 17:02:18 [32minfo[39m [index.js]: 	30.49 
2019-11-24 17:02:18 [32minfo[39m [index.js]: 	Avg 1 min load 2.86474609375 
2019-11-24 17:02:18 [32minfo[39m [index.js]: 	Avg 5 min load 3.63623046875  
2019-11-24 17:02:19 [32minfo[39m [index.js]: 	32.64 
2019-11-24 17:02:19 [32minfo[39m [index.js]: 	Avg 1 min load 2.71533203125 
2019-11-24 17:02:19 [32minfo[39m [index.js]: 	Avg 5 min load 3.59228515625  
2019-11-24 17:02:20 [32minfo[39m [index.js]: 	35.23 
2019-11-24 17:02:20 [32minfo[39m [index.js]: 	Avg 1 min load 2.71533203125 
2019-11-24 17:02:20 [32minfo[39m [index.js]: 	Avg 5 min load 3.59228515625  
2019-11-24 17:02:21 [32minfo[39m [index.js]: 	34.95 
2019-11-24 17:02:21 [32minfo[39m [index.js]: 	Avg 1 min load 2.71533203125 
2019-11-24 17:02:21 [32minfo[39m [index.js]: 	Avg 5 min load 3.59228515625  
2019-11-24 17:02:22 [32minfo[39m [index.js]: 	31.11 
2019-11-24 17:02:22 [32minfo[39m [index.js]: 	Avg 1 min load 2.71533203125 
2019-11-24 17:02:22 [32minfo[39m [index.js]: 	Avg 5 min load 3.59228515625  
2019-11-24 17:02:23 [32minfo[39m [index.js]: 	33.94 
2019-11-24 17:02:23 [32minfo[39m [index.js]: 	Avg 1 min load 2.71533203125 
2019-11-24 17:02:23 [32minfo[39m [index.js]: 	Avg 5 min load 3.59228515625  
2019-11-24 17:02:24 [32minfo[39m [index.js]: 	32.48 
2019-11-24 17:02:24 [32minfo[39m [index.js]: 	Avg 1 min load 2.65771484375 
2019-11-24 17:02:24 [32minfo[39m [index.js]: 	Avg 5 min load 3.5654296875  
2019-11-24 17:02:25 [32minfo[39m [index.js]: 	30.15 
2019-11-24 17:02:25 [32minfo[39m [index.js]: 	Avg 1 min load 2.65771484375 
2019-11-24 17:02:25 [32minfo[39m [index.js]: 	Avg 5 min load 3.5654296875  
2019-11-24 17:02:26 [32minfo[39m [index.js]: 	30.57 
2019-11-24 17:02:26 [32minfo[39m [index.js]: 	Avg 1 min load 2.65771484375 
2019-11-24 17:02:26 [32minfo[39m [index.js]: 	Avg 5 min load 3.5654296875  
2019-11-24 17:02:28 [32minfo[39m [index.js]: 	32.13 
2019-11-24 17:02:28 [32minfo[39m [index.js]: 	Avg 1 min load 2.65771484375 
2019-11-24 17:02:28 [32minfo[39m [index.js]: 	Avg 5 min load 3.5654296875  
2019-11-24 17:02:29 [32minfo[39m [index.js]: 	30.05 
2019-11-24 17:02:29 [32minfo[39m [index.js]: 	Avg 1 min load 2.65771484375 
2019-11-24 17:02:29 [32minfo[39m [index.js]: 	Avg 5 min load 3.5654296875  
2019-11-24 17:02:30 [32minfo[39m [index.js]: 	31.63 
2019-11-24 17:02:30 [32minfo[39m [index.js]: 	Avg 1 min load 2.60498046875 
2019-11-24 17:02:30 [32minfo[39m [index.js]: 	Avg 5 min load 3.5390625  
2019-11-24 17:02:31 [32minfo[39m [index.js]: 	31.54 
2019-11-24 17:02:31 [32minfo[39m [index.js]: 	Avg 1 min load 2.60498046875 
2019-11-24 17:02:31 [32minfo[39m [index.js]: 	Avg 5 min load 3.5390625  
2019-11-24 17:02:32 [32minfo[39m [index.js]: 	32.9 
2019-11-24 17:02:32 [32minfo[39m [index.js]: 	Avg 1 min load 2.60498046875 
2019-11-24 17:02:32 [32minfo[39m [index.js]: 	Avg 5 min load 3.5390625  
2019-11-24 17:02:33 [32minfo[39m [index.js]: 	44.27 
2019-11-24 17:02:33 [32minfo[39m [index.js]: 	Avg 1 min load 2.60498046875 
2019-11-24 17:02:33 [32minfo[39m [index.js]: 	Avg 5 min load 3.5390625  
2019-11-24 17:02:34 [32minfo[39m [index.js]: 	39.9 
2019-11-24 17:02:34 [32minfo[39m [index.js]: 	Avg 1 min load 2.60498046875 
2019-11-24 17:02:34 [32minfo[39m [index.js]: 	Avg 5 min load 3.5390625  
2019-11-24 17:02:59 [32minfo[39m [index.js]: 	Avg 1 min load 2.67138671875 
2019-11-24 17:02:59 [32minfo[39m [index.js]: 	Avg 5 min load 3.46923828125  
2019-11-24 17:03:00 [32minfo[39m [index.js]: 	28.87 
2019-11-24 17:03:00 [32minfo[39m [index.js]: 	Avg 1 min load 2.67138671875 
2019-11-24 17:03:00 [32minfo[39m [index.js]: 	Avg 5 min load 3.46923828125  
2019-11-24 17:03:01 [32minfo[39m [index.js]: 	31.79 
2019-11-24 17:03:01 [32minfo[39m [index.js]: 	Avg 1 min load 2.67138671875 
2019-11-24 17:03:01 [32minfo[39m [index.js]: 	Avg 5 min load 3.46923828125  
2019-11-24 17:03:02 [32minfo[39m [index.js]: 	27.7 
2019-11-24 17:03:02 [32minfo[39m [index.js]: 	Avg 1 min load 2.67138671875 
2019-11-24 17:03:02 [32minfo[39m [index.js]: 	Avg 5 min load 3.46923828125  
2019-11-24 17:03:03 [32minfo[39m [index.js]: 	19.02 
2019-11-24 17:03:03 [32minfo[39m [index.js]: 	Avg 1 min load 2.67138671875 
2019-11-24 17:03:03 [32minfo[39m [index.js]: 	Avg 5 min load 3.46923828125  
2019-11-24 17:03:04 [32minfo[39m [index.js]: 	27.55 
2019-11-24 17:03:04 [32minfo[39m [index.js]: 	Avg 1 min load 2.69775390625 
2019-11-24 17:03:04 [32minfo[39m [index.js]: 	Avg 5 min load 3.46142578125  
2019-11-24 17:07:04 [32minfo[39m [index.js]: 	Avg 1 min load 3.828125 
2019-11-24 17:07:04 [32minfo[39m [index.js]: 	Avg 5 min load 3.12353515625  
2019-11-24 17:07:05 [32minfo[39m [index.js]: 	69.25 
2019-11-24 17:07:05 [32minfo[39m [index.js]: 	Avg 1 min load 3.84228515625 
2019-11-24 17:07:05 [32minfo[39m [index.js]: 	Avg 5 min load 3.13818359375  
2019-11-24 17:07:06 [32minfo[39m [index.js]: 	58.99 
2019-11-24 17:07:06 [32minfo[39m [index.js]: 	Avg 1 min load 3.84228515625 
2019-11-24 17:07:06 [32minfo[39m [index.js]: 	Avg 5 min load 3.13818359375  
2019-11-24 17:07:07 [32minfo[39m [index.js]: 	58.22 
2019-11-24 17:07:07 [32minfo[39m [index.js]: 	Avg 1 min load 3.84228515625 
2019-11-24 17:07:07 [32minfo[39m [index.js]: 	Avg 5 min load 3.13818359375  
2019-11-24 17:07:08 [32minfo[39m [index.js]: 	52.51 
2019-11-24 17:07:08 [32minfo[39m [index.js]: 	Avg 1 min load 3.84228515625 
2019-11-24 17:07:08 [32minfo[39m [index.js]: 	Avg 5 min load 3.13818359375  
2019-11-24 17:07:09 [32minfo[39m [index.js]: 	51.27 
2019-11-24 17:07:09 [32minfo[39m [index.js]: 	Avg 1 min load 3.84228515625 
2019-11-24 17:07:09 [32minfo[39m [index.js]: 	Avg 5 min load 3.13818359375  
2019-11-24 17:07:10 [32minfo[39m [index.js]: 	51.85 
2019-11-24 17:07:10 [32minfo[39m [index.js]: 	Avg 1 min load 3.93505859375 
2019-11-24 17:07:10 [32minfo[39m [index.js]: 	Avg 5 min load 3.16943359375  
2019-11-24 17:07:11 [32minfo[39m [index.js]: 	51.69 
2019-11-24 17:07:11 [32minfo[39m [index.js]: 	Avg 1 min load 3.93505859375 
2019-11-24 17:07:11 [32minfo[39m [index.js]: 	Avg 5 min load 3.16943359375  
2019-11-24 17:07:12 [32minfo[39m [index.js]: 	44.48 
2019-11-24 17:07:12 [32minfo[39m [index.js]: 	Avg 1 min load 3.93505859375 
2019-11-24 17:07:12 [32minfo[39m [index.js]: 	Avg 5 min load 3.16943359375  
2019-11-24 17:07:13 [32minfo[39m [index.js]: 	50.81 
2019-11-24 17:07:13 [32minfo[39m [index.js]: 	Avg 1 min load 3.93505859375 
2019-11-24 17:07:13 [32minfo[39m [index.js]: 	Avg 5 min load 3.16943359375  
2019-11-24 17:07:14 [32minfo[39m [index.js]: 	48.38 
2019-11-24 17:07:14 [32minfo[39m [index.js]: 	Avg 1 min load 3.9404296875 
2019-11-24 17:07:14 [32minfo[39m [index.js]: 	Avg 5 min load 3.18359375  
2019-11-24 17:07:15 [32minfo[39m [index.js]: 	44.04 
2019-11-24 17:07:15 [32minfo[39m [index.js]: 	Avg 1 min load 3.9404296875 
2019-11-24 17:07:15 [32minfo[39m [index.js]: 	Avg 5 min load 3.18359375  
2019-11-24 17:07:16 [32minfo[39m [index.js]: 	47.61 
2019-11-24 17:07:16 [32minfo[39m [index.js]: 	Avg 1 min load 3.9404296875 
2019-11-24 17:07:16 [32minfo[39m [index.js]: 	Avg 5 min load 3.18359375  
2019-11-24 17:07:17 [32minfo[39m [index.js]: 	43.82 
2019-11-24 17:07:17 [32minfo[39m [index.js]: 	Avg 1 min load 3.9404296875 
2019-11-24 17:07:17 [32minfo[39m [index.js]: 	Avg 5 min load 3.18359375  
2019-11-24 17:07:18 [32minfo[39m [index.js]: 	54.16 
2019-11-24 17:07:18 [32minfo[39m [index.js]: 	Avg 1 min load 3.9404296875 
2019-11-24 17:07:18 [32minfo[39m [index.js]: 	Avg 5 min load 3.18359375  
2019-11-24 17:07:19 [32minfo[39m [index.js]: 	56.57 
2019-11-24 17:07:19 [32minfo[39m [index.js]: 	Avg 1 min load 4.185546875 
2019-11-24 17:07:19 [32minfo[39m [index.js]: 	Avg 5 min load 3.2470703125  
2019-11-24 17:07:20 [32minfo[39m [index.js]: 	52.84 
2019-11-24 17:07:20 [32minfo[39m [index.js]: 	Avg 1 min load 4.185546875 
2019-11-24 17:07:20 [32minfo[39m [index.js]: 	Avg 5 min load 3.2470703125  
2019-11-24 17:07:21 [32minfo[39m [index.js]: 	50 
2019-11-24 17:07:21 [32minfo[39m [index.js]: 	Avg 1 min load 4.185546875 
2019-11-24 17:07:21 [32minfo[39m [index.js]: 	Avg 5 min load 3.2470703125  
2019-11-24 17:07:22 [32minfo[39m [index.js]: 	50.9 
2019-11-24 17:07:22 [32minfo[39m [index.js]: 	Avg 1 min load 4.185546875 
2019-11-24 17:07:22 [32minfo[39m [index.js]: 	Avg 5 min load 3.2470703125  
2019-11-24 17:07:23 [32minfo[39m [index.js]: 	55.78 
2019-11-24 17:07:23 [32minfo[39m [index.js]: 	Avg 1 min load 4.185546875 
2019-11-24 17:07:23 [32minfo[39m [index.js]: 	Avg 5 min load 3.2470703125  
2019-11-24 17:07:24 [32minfo[39m [index.js]: 	51.68 
2019-11-24 17:07:24 [32minfo[39m [index.js]: 	Avg 1 min load 3.93017578125 
2019-11-24 17:07:24 [32minfo[39m [index.js]: 	Avg 5 min load 3.20947265625  
2019-11-24 17:07:25 [32minfo[39m [index.js]: 	52.7 
2019-11-24 17:07:25 [32minfo[39m [index.js]: 	Avg 1 min load 3.93017578125 
2019-11-24 17:07:25 [32minfo[39m [index.js]: 	Avg 5 min load 3.20947265625  
2019-11-24 17:07:26 [32minfo[39m [index.js]: 	53.83 
2019-11-24 17:07:26 [32minfo[39m [index.js]: 	Avg 1 min load 3.93017578125 
2019-11-24 17:07:26 [32minfo[39m [index.js]: 	Avg 5 min load 3.20947265625  
2019-11-24 17:07:27 [32minfo[39m [index.js]: 	49.61 
2019-11-24 17:07:27 [32minfo[39m [index.js]: 	Avg 1 min load 3.93017578125 
2019-11-24 17:07:27 [32minfo[39m [index.js]: 	Avg 5 min load 3.20947265625  
2019-11-24 17:07:28 [32minfo[39m [index.js]: 	50.53 
2019-11-24 17:07:28 [32minfo[39m [index.js]: 	Avg 1 min load 3.93017578125 
2019-11-24 17:07:28 [32minfo[39m [index.js]: 	Avg 5 min load 3.20947265625  
2019-11-24 17:07:29 [32minfo[39m [index.js]: 	52.84 
2019-11-24 17:07:29 [32minfo[39m [index.js]: 	Avg 1 min load 3.85546875 
2019-11-24 17:07:29 [32minfo[39m [index.js]: 	Avg 5 min load 3.20556640625  
2019-11-24 17:07:30 [32minfo[39m [index.js]: 	51.17 
2019-11-24 17:07:30 [32minfo[39m [index.js]: 	Avg 1 min load 3.85546875 
2019-11-24 17:07:30 [32minfo[39m [index.js]: 	Avg 5 min load 3.20556640625  
2019-11-24 17:07:31 [32minfo[39m [index.js]: 	48.68 
2019-11-24 17:07:31 [32minfo[39m [index.js]: 	Avg 1 min load 3.85546875 
2019-11-24 17:07:31 [32minfo[39m [index.js]: 	Avg 5 min load 3.20556640625  
2019-11-24 17:07:32 [32minfo[39m [index.js]: 	49.74 
2019-11-24 17:07:32 [32minfo[39m [index.js]: 	Avg 1 min load 3.85546875 
2019-11-24 17:07:32 [32minfo[39m [index.js]: 	Avg 5 min load 3.20556640625  
2019-11-24 17:07:33 [32minfo[39m [index.js]: 	51.4 
2019-11-24 17:07:33 [32minfo[39m [index.js]: 	Avg 1 min load 3.85546875 
2019-11-24 17:07:33 [32minfo[39m [index.js]: 	Avg 5 min load 3.20556640625  
2019-11-24 17:07:34 [32minfo[39m [index.js]: 	52.13 
2019-11-24 17:07:34 [32minfo[39m [index.js]: 	Avg 1 min load 3.70654296875 
2019-11-24 17:07:34 [32minfo[39m [index.js]: 	Avg 5 min load 3.185546875  
2019-11-24 17:07:35 [32minfo[39m [index.js]: 	55.01 
2019-11-24 17:07:35 [32minfo[39m [index.js]: 	Avg 1 min load 3.70654296875 
2019-11-24 17:07:35 [32minfo[39m [index.js]: 	Avg 5 min load 3.185546875  
2019-11-24 17:07:36 [32minfo[39m [index.js]: 	54.29 
2019-11-24 17:07:36 [32minfo[39m [index.js]: 	Avg 1 min load 3.70654296875 
2019-11-24 17:07:36 [32minfo[39m [index.js]: 	Avg 5 min load 3.185546875  
2019-11-24 17:07:37 [32minfo[39m [index.js]: 	53.23 
2019-11-24 17:07:37 [32minfo[39m [index.js]: 	Avg 1 min load 3.70654296875 
2019-11-24 17:07:37 [32minfo[39m [index.js]: 	Avg 5 min load 3.185546875  
2019-11-24 17:07:38 [32minfo[39m [index.js]: 	51.92 
2019-11-24 17:07:38 [32minfo[39m [index.js]: 	Avg 1 min load 3.70654296875 
2019-11-24 17:07:38 [32minfo[39m [index.js]: 	Avg 5 min load 3.185546875  
2019-11-24 17:07:39 [32minfo[39m [index.js]: 	51.55 
2019-11-24 17:07:39 [32minfo[39m [index.js]: 	Avg 1 min load 3.48974609375 
2019-11-24 17:07:39 [32minfo[39m [index.js]: 	Avg 5 min load 3.14892578125  
2019-11-24 17:07:40 [32minfo[39m [index.js]: 	50.65 
2019-11-24 17:07:40 [32minfo[39m [index.js]: 	Avg 1 min load 3.48974609375 
2019-11-24 17:07:40 [32minfo[39m [index.js]: 	Avg 5 min load 3.14892578125  
2019-11-24 17:07:41 [32minfo[39m [index.js]: 	58.97 
2019-11-24 17:07:41 [32minfo[39m [index.js]: 	Avg 1 min load 3.48974609375 
2019-11-24 17:07:41 [32minfo[39m [index.js]: 	Avg 5 min load 3.14892578125  
2019-11-24 17:07:42 [32minfo[39m [index.js]: 	52.42 
2019-11-24 17:07:42 [32minfo[39m [index.js]: 	Avg 1 min load 3.48974609375 
2019-11-24 17:07:42 [32minfo[39m [index.js]: 	Avg 5 min load 3.14892578125  
2019-11-24 17:07:43 [32minfo[39m [index.js]: 	49.74 
2019-11-24 17:07:43 [32minfo[39m [index.js]: 	Avg 1 min load 3.48974609375 
2019-11-24 17:07:43 [32minfo[39m [index.js]: 	Avg 5 min load 3.14892578125  
2019-11-24 17:07:44 [32minfo[39m [index.js]: 	52.47 
2019-11-24 17:07:44 [32minfo[39m [index.js]: 	Avg 1 min load 3.3701171875 
2019-11-24 17:07:44 [32minfo[39m [index.js]: 	Avg 5 min load 3.12939453125  
2019-11-24 17:07:45 [32minfo[39m [index.js]: 	51.93 
2019-11-24 17:07:45 [32minfo[39m [index.js]: 	Avg 1 min load 3.3701171875 
2019-11-24 17:07:45 [32minfo[39m [index.js]: 	Avg 5 min load 3.12939453125  
2019-11-24 17:07:46 [32minfo[39m [index.js]: 	49.87 
2019-11-24 17:07:47 [32minfo[39m [index.js]: 	Avg 1 min load 3.3701171875 
2019-11-24 17:07:47 [32minfo[39m [index.js]: 	Avg 5 min load 3.12939453125  
2019-11-24 17:07:48 [32minfo[39m [index.js]: 	49.87 
2019-11-24 17:07:48 [32minfo[39m [index.js]: 	Avg 1 min load 3.3701171875 
2019-11-24 17:07:48 [32minfo[39m [index.js]: 	Avg 5 min load 3.12939453125  
2019-11-24 17:07:49 [32minfo[39m [index.js]: 	51.39 
2019-11-24 17:07:49 [32minfo[39m [index.js]: 	Avg 1 min load 3.3701171875 
2019-11-24 17:07:49 [32minfo[39m [index.js]: 	Avg 5 min load 3.12939453125  
2019-11-24 17:07:50 [32minfo[39m [index.js]: 	58.94 
2019-11-24 17:07:50 [32minfo[39m [index.js]: 	Avg 1 min load 3.4208984375 
2019-11-24 17:07:50 [32minfo[39m [index.js]: 	Avg 5 min load 3.14404296875  
2019-11-24 17:07:51 [32minfo[39m [index.js]: 	71.28 
2019-11-24 17:07:51 [32minfo[39m [index.js]: 	Avg 1 min load 3.4208984375 
2019-11-24 17:07:51 [32minfo[39m [index.js]: 	Avg 5 min load 3.14404296875  
2019-11-24 17:07:52 [32minfo[39m [index.js]: 	52.33 
2019-11-24 17:07:52 [32minfo[39m [index.js]: 	Avg 1 min load 3.4208984375 
2019-11-24 17:07:52 [32minfo[39m [index.js]: 	Avg 5 min load 3.14404296875  
2019-11-24 17:07:53 [32minfo[39m [index.js]: 	50.13 
2019-11-24 17:07:53 [32minfo[39m [index.js]: 	Avg 1 min load 3.4208984375 
2019-11-24 17:07:53 [32minfo[39m [index.js]: 	Avg 5 min load 3.14404296875  
2019-11-24 17:07:54 [32minfo[39m [index.js]: 	50.26 
2019-11-24 17:07:54 [32minfo[39m [index.js]: 	Avg 1 min load 3.4208984375 
2019-11-24 17:07:54 [32minfo[39m [index.js]: 	Avg 5 min load 3.14404296875  
2019-11-24 17:07:55 [32minfo[39m [index.js]: 	49.09 
2019-11-24 17:07:55 [32minfo[39m [index.js]: 	Avg 1 min load 3.46728515625 
2019-11-24 17:07:55 [32minfo[39m [index.js]: 	Avg 5 min load 3.15869140625  
2019-11-24 17:07:56 [32minfo[39m [index.js]: 	49.23 
2019-11-24 17:07:56 [32minfo[39m [index.js]: 	Avg 1 min load 3.46728515625 
2019-11-24 17:07:56 [32minfo[39m [index.js]: 	Avg 5 min load 3.15869140625  
2019-11-24 17:07:57 [32minfo[39m [index.js]: 	49.37 
2019-11-24 17:07:57 [32minfo[39m [index.js]: 	Avg 1 min load 3.46728515625 
2019-11-24 17:07:57 [32minfo[39m [index.js]: 	Avg 5 min load 3.15869140625  
2019-11-24 17:07:58 [32minfo[39m [index.js]: 	51.9 
2019-11-24 17:07:58 [32minfo[39m [index.js]: 	Avg 1 min load 3.46728515625 
2019-11-24 17:07:58 [32minfo[39m [index.js]: 	Avg 5 min load 3.15869140625  
2019-11-24 17:07:59 [32minfo[39m [index.js]: 	50.91 
2019-11-24 17:07:59 [32minfo[39m [index.js]: 	Avg 1 min load 3.46728515625 
2019-11-24 17:07:59 [32minfo[39m [index.js]: 	Avg 5 min load 3.15869140625  
2019-11-24 17:08:00 [32minfo[39m [index.js]: 	54.48 
2019-11-24 17:08:00 [32minfo[39m [index.js]: 	Avg 1 min load 3.189453125 
2019-11-24 17:08:00 [32minfo[39m [index.js]: 	Avg 5 min load 3.10595703125  
2019-11-24 17:08:01 [32minfo[39m [index.js]: 	50 
2019-11-24 17:08:01 [32minfo[39m [index.js]: 	Avg 1 min load 3.189453125 
2019-11-24 17:08:01 [32minfo[39m [index.js]: 	Avg 5 min load 3.10595703125  
2019-11-24 17:08:02 [32minfo[39m [index.js]: 	50.9 
2019-11-24 17:08:02 [32minfo[39m [index.js]: 	Avg 1 min load 3.189453125 
2019-11-24 17:08:02 [32minfo[39m [index.js]: 	Avg 5 min load 3.10595703125  
2019-11-24 17:08:03 [32minfo[39m [index.js]: 	48.45 
2019-11-24 17:08:03 [32minfo[39m [index.js]: 	Avg 1 min load 3.189453125 
2019-11-24 17:08:03 [32minfo[39m [index.js]: 	Avg 5 min load 3.10595703125  
2019-11-24 17:08:04 [32minfo[39m [index.js]: 	48.33 
2019-11-24 17:08:04 [32minfo[39m [index.js]: 	Avg 1 min load 3.189453125 
2019-11-24 17:08:04 [32minfo[39m [index.js]: 	Avg 5 min load 3.10595703125  
2019-11-24 17:08:05 [32minfo[39m [index.js]: 	51.14 
2019-11-24 17:08:05 [32minfo[39m [index.js]: 	Avg 1 min load 3.65478515625 
2019-11-24 17:08:05 [32minfo[39m [index.js]: 	Avg 5 min load 3.2041015625  
2019-11-24 17:08:06 [32minfo[39m [index.js]: 	49.61 
2019-11-24 17:08:06 [32minfo[39m [index.js]: 	Avg 1 min load 3.65478515625 
2019-11-24 17:08:06 [32minfo[39m [index.js]: 	Avg 5 min load 3.2041015625  
2019-11-24 17:08:07 [32minfo[39m [index.js]: 	54.33 
2019-11-24 17:08:07 [32minfo[39m [index.js]: 	Avg 1 min load 3.65478515625 
2019-11-24 17:08:07 [32minfo[39m [index.js]: 	Avg 5 min load 3.2041015625  
2019-11-24 17:08:08 [32minfo[39m [index.js]: 	50.51 
2019-11-24 17:08:08 [32minfo[39m [index.js]: 	Avg 1 min load 3.65478515625 
2019-11-24 17:08:08 [32minfo[39m [index.js]: 	Avg 5 min load 3.2041015625  
2019-11-24 17:08:09 [32minfo[39m [index.js]: 	49.49 
2019-11-24 17:08:09 [32minfo[39m [index.js]: 	Avg 1 min load 3.52197265625 
2019-11-24 17:08:09 [32minfo[39m [index.js]: 	Avg 5 min load 3.18408203125  
2019-11-24 17:08:10 [32minfo[39m [index.js]: 	64.8 
2019-11-24 17:08:10 [32minfo[39m [index.js]: 	Avg 1 min load 3.52197265625 
2019-11-24 17:08:10 [32minfo[39m [index.js]: 	Avg 5 min load 3.18408203125  
2019-11-24 17:15:04 [32minfo[39m [index.js]: 	Avg 1 min load 5.20458984375 
2019-11-24 17:15:04 [32minfo[39m [index.js]: 	Avg 5 min load 4.8916015625  
2019-11-24 17:15:05 [32minfo[39m [index.js]: 	36.3 
2019-11-24 17:15:05 [32minfo[39m [index.js]: 	Avg 1 min load 5.20458984375 
2019-11-24 17:15:05 [32minfo[39m [index.js]: 	Avg 5 min load 4.8916015625  
2019-11-24 17:15:06 [32minfo[39m [index.js]: 	36.01 
2019-11-24 17:15:06 [32minfo[39m [index.js]: 	Avg 1 min load 5.20458984375 
2019-11-24 17:15:06 [32minfo[39m [index.js]: 	Avg 5 min load 4.8916015625  
2019-11-24 17:15:07 [32minfo[39m [index.js]: 	36.9 
2019-11-24 17:15:07 [32minfo[39m [index.js]: 	Avg 1 min load 5.20458984375 
2019-11-24 17:15:07 [32minfo[39m [index.js]: 	Avg 5 min load 4.8916015625  
2019-11-24 17:15:08 [32minfo[39m [index.js]: 	36.98 
2019-11-24 17:15:08 [32minfo[39m [index.js]: 	Avg 1 min load 5.20458984375 
2019-11-24 17:15:08 [32minfo[39m [index.js]: 	Avg 5 min load 4.8916015625  
2019-11-24 17:15:09 [32minfo[39m [index.js]: 	53.38 
2019-11-24 17:15:09 [32minfo[39m [index.js]: 	Avg 1 min load 5.18798828125 
2019-11-24 17:15:09 [32minfo[39m [index.js]: 	Avg 5 min load 4.8935546875  
2019-11-24 17:15:10 [32minfo[39m [index.js]: 	36.19 
2019-11-24 17:15:10 [32minfo[39m [index.js]: 	Avg 1 min load 5.18798828125 
2019-11-24 17:15:10 [32minfo[39m [index.js]: 	Avg 5 min load 4.8935546875  
2019-11-24 17:15:11 [32minfo[39m [index.js]: 	40.6 
2019-11-24 17:15:11 [32minfo[39m [index.js]: 	Avg 1 min load 5.18798828125 
2019-11-24 17:15:11 [32minfo[39m [index.js]: 	Avg 5 min load 4.8935546875  
